2025-07-04 13:48:09,491:INFO:Starting to generate the Taskflow XML files
2025-07-04 13:48:09,614:INFO:Building "/aetgt:getResponse" elements...
2025-07-04 13:48:09,699:INFO:Building "/aetgt:getResponse/types1:Item" elements...
2025-07-04 13:48:09,802:INFO:Building "/aetgt:getResponse/types1:Item/types1:Entry" elements...
2025-07-04 13:48:09,894:INFO:Building "/aetgt:getResponse/types1:Item/types1:Entry/taskflow" elements...
2025-07-04 13:48:10,017:INFO:Building "/aetgt:getResponse/types1:Item/types1:Entry/taskflow/deployment" elements...
2025-07-04 13:48:10,096:INFO:Building "/aetgt:getResponse/types1:Item/types1:Entry/taskflow" elements...
2025-07-04 13:48:10,172:INFO:Building "/aetgt:getResponse/types1:Item/types1:Entry/taskflow/extData" elements...
2025-07-04 13:48:10,267:INFO:Building "/aetgt:getResponse/types1:Item/types1:Entry/taskflow" elements...
2025-07-04 13:48:10,373:INFO:Building "/aetgt:getResponse/types1:Item/types1:Entry/taskflow/flow" elements...
2025-07-04 13:48:10,466:INFO:Building "/aetgt:getResponse/types1:Item/types1:Entry/taskflow/flow/start" elements...
2025-07-04 13:48:10,558:INFO:Building "/aetgt:getResponse/types1:Item/types1:Entry/taskflow/flow" elements...
2025-07-04 13:48:10,683:INFO:Building "/aetgt:getResponse/types1:Item" elements...
2025-07-04 13:48:10,760:INFO:Building "/aetgt:getResponse" elements...
2025-07-04 13:48:10,852:INFO:Finished building the XML
2025-07-04 13:48:10,852:INFO:Saving the XML file "out/tf_Generated_Taskflow.TASKFLOW.xml"
2025-07-04 13:48:10,854:INFO:Save successful
2025-07-04 13:48:29,875:INFO:Starting to package import files...
2025-07-04 13:48:29,913:INFO:Create workspace tree "tmp/testing/Explore/Default"
2025-07-04 13:48:29,990:INFO:Adding the file "tmp/testing/Explore/Default/tf_Generated_Taskflow.TASKFLOW.xml"...
2025-07-04 13:48:30,108:INFO:Adding the file "tmp/testing/Explore/Default.Project.json"...
2025-07-04 13:48:30,185:INFO:Adding the file "tmp/testing/ContentsofExportPackage_tf_Generated_Taskflow.csv"...
2025-07-04 13:48:30,277:INFO:Adding the file "tmp/testing/exportMetadata.v2.json"...
2025-07-04 13:48:30,359:INFO:Adding the file "tmp/testing/exportPackage.chksum"...
2025-07-04 13:53:27,639:INFO:Starting to package import files...
2025-07-04 13:53:27,670:INFO:Create workspace tree "tmp/testing/Explore/Default"
2025-07-04 13:53:27,747:INFO:Adding the file "tmp/testing/Explore/Default/tf_Generated_Taskflow.TASKFLOW.xml"...
2025-07-04 13:53:27,868:INFO:Adding the file "tmp/testing/Explore/Default.Project.json"...
2025-07-04 13:53:27,945:INFO:Adding the file "tmp/testing/ContentsofExportPackage_tf_Generated_Taskflow.csv"...
2025-07-04 13:53:28,038:INFO:Adding the file "tmp/testing/exportMetadata.v2.json"...
2025-07-04 13:53:28,150:INFO:Adding the file "tmp/testing/exportPackage.chksum"...
2025-07-04 13:53:55,754:INFO:Starting to package import files...
2025-07-04 13:53:55,787:INFO:Create workspace tree "tmp/testing/Explore/Default"
2025-07-04 13:53:55,908:INFO:Adding the file "tmp/testing/Explore/Default/tf_Generated_Taskflow.TASKFLOW.xml"...
2025-07-04 13:53:56,008:INFO:Adding the file "tmp/testing/Explore/Default.Project.json"...
2025-07-04 13:53:56,139:INFO:Adding the file "tmp/testing/ContentsofExportPackage_tf_Generated_Taskflow.csv"...
2025-07-04 13:53:56,231:INFO:Adding the file "tmp/testing/exportMetadata.v2.json"...
2025-07-04 13:53:56,324:INFO:Adding the file "tmp/testing/exportPackage.chksum"...
2025-07-04 14:18:04,025:INFO:Reading the config file
2025-07-04 14:18:04,042:INFO:Reading the execution plans
2025-07-04 14:18:04,148:INFO:Logging into IDMC
2025-07-04 14:18:04,149:DEBUG:Starting new HTTPS connection (1): dmp-us.informaticacloud.com:443
2025-07-04 14:18:04,924:DEBUG:https://dmp-us.informaticacloud.com:443 "POST /saas/public/core/v3/login HTTP/1.1" 200 386
2025-07-04 14:18:05,018:INFO:Getting the secure agent ID
2025-07-04 14:18:05,019:DEBUG:Starting new HTTPS connection (1): usw1.dmp-us.informaticacloud.com:443
2025-07-04 14:18:05,716:DEBUG:https://usw1.dmp-us.informaticacloud.com:443 "GET /saas/api/v2/runtimeEnvironment/name/AUW487V7S3-AAD HTTP/1.1" 200 None
2025-07-04 14:18:05,829:INFO:Getting a list of the mapping tasks
2025-07-04 14:18:06,582:DEBUG:https://usw1.dmp-us.informaticacloud.com:443 "GET /saas/public/core/v3/objects?q=type==%27MTT%27&limit=200&skip=0 HTTP/1.1" 200 None
2025-07-04 14:20:31,504:INFO:Reading the config file
2025-07-04 14:20:31,520:INFO:Reading the execution plans
2025-07-04 14:20:31,613:INFO:Logging into IDMC
2025-07-04 14:20:31,614:DEBUG:Starting new HTTPS connection (1): dmp-us.informaticacloud.com:443
2025-07-04 14:20:32,401:DEBUG:https://dmp-us.informaticacloud.com:443 "POST /saas/public/core/v3/login HTTP/1.1" 200 386
2025-07-04 14:20:32,512:INFO:Getting the secure agent ID
2025-07-04 14:20:32,512:DEBUG:Starting new HTTPS connection (1): usw1.dmp-us.informaticacloud.com:443
2025-07-04 14:20:33,240:DEBUG:https://usw1.dmp-us.informaticacloud.com:443 "GET /saas/api/v2/runtimeEnvironment/name/AUW487V7S3-AAD HTTP/1.1" 200 None
2025-07-04 14:20:33,335:INFO:Getting a list of the mapping tasks
2025-07-04 14:20:34,132:DEBUG:https://usw1.dmp-us.informaticacloud.com:443 "GET /saas/public/core/v3/objects?q=type==%27MTT%27&limit=200&skip=0 HTTP/1.1" 200 None
2025-07-04 14:21:17,806:INFO:Reading the config file
2025-07-04 14:21:17,826:INFO:Reading the execution plans
2025-07-04 14:21:17,945:INFO:Logging into IDMC
2025-07-04 14:21:17,946:DEBUG:Starting new HTTPS connection (1): dmp-us.informaticacloud.com:443
2025-07-04 14:21:18,673:DEBUG:https://dmp-us.informaticacloud.com:443 "POST /saas/public/core/v3/login HTTP/1.1" 200 386
2025-07-04 14:21:18,765:INFO:Getting the secure agent ID
2025-07-04 14:21:18,765:DEBUG:Starting new HTTPS connection (1): usw1.dmp-us.informaticacloud.com:443
2025-07-04 14:21:19,499:DEBUG:https://usw1.dmp-us.informaticacloud.com:443 "GET /saas/api/v2/runtimeEnvironment/name/AUW487V7S3-AAD HTTP/1.1" 200 None
2025-07-04 14:21:19,603:INFO:Getting a list of the mapping tasks
2025-07-04 14:21:20,008:DEBUG:https://usw1.dmp-us.informaticacloud.com:443 "GET /saas/public/core/v3/objects?q=type==%27MTT%27&limit=200&skip=0 HTTP/1.1" 200 None
2025-07-04 14:21:20,515:INFO:Starting to generate the Taskflow XML files
2025-07-04 14:21:20,516:INFO:Building "/aetgt:getResponse" elements...
2025-07-04 14:21:20,516:INFO:Building "/aetgt:getResponse/types1:Item" elements...
2025-07-04 14:21:20,516:INFO:Building "/aetgt:getResponse/types1:Item/types1:Entry" elements...
2025-07-04 14:21:20,516:INFO:Building "/aetgt:getResponse/types1:Item/types1:Entry/taskflow" elements...
2025-07-04 14:21:20,516:INFO:Building "/aetgt:getResponse/types1:Item/types1:Entry/taskflow/deployment" elements...
2025-07-04 14:21:20,516:INFO:Building "/aetgt:getResponse/types1:Item/types1:Entry/taskflow" elements...
2025-07-04 14:21:20,516:INFO:Building "/aetgt:getResponse/types1:Item/types1:Entry/taskflow/extData" elements...
2025-07-04 14:21:20,516:INFO:Building "/aetgt:getResponse/types1:Item/types1:Entry/taskflow" elements...
2025-07-04 14:21:20,516:INFO:Building "/aetgt:getResponse/types1:Item/types1:Entry/taskflow/flow" elements...
2025-07-04 14:21:20,517:INFO:Building "/aetgt:getResponse/types1:Item/types1:Entry/taskflow/flow/start" elements...
2025-07-04 14:21:20,517:INFO:Building "/aetgt:getResponse/types1:Item/types1:Entry/taskflow/flow" elements...
2025-07-04 14:21:20,517:INFO:Building "/aetgt:getResponse/types1:Item" elements...
2025-07-04 14:21:20,517:INFO:Building "/aetgt:getResponse" elements...
2025-07-04 14:21:20,517:INFO:Finished building the XML
2025-07-04 14:21:20,517:INFO:Saving the XML file "out/116fcc2df9d4485495ae910b30796982.TASKFLOW.xml"
2025-07-04 14:22:37,230:INFO:Reading the config file
2025-07-04 14:22:37,246:INFO:Reading the execution plans
2025-07-04 14:22:37,262:INFO:Logging into IDMC
2025-07-04 14:22:37,263:DEBUG:Starting new HTTPS connection (1): dmp-us.informaticacloud.com:443
2025-07-04 14:22:38,037:DEBUG:https://dmp-us.informaticacloud.com:443 "POST /saas/public/core/v3/login HTTP/1.1" 200 386
2025-07-04 14:22:38,237:INFO:Getting the secure agent ID
2025-07-04 14:22:38,238:DEBUG:Starting new HTTPS connection (1): usw1.dmp-us.informaticacloud.com:443
2025-07-04 14:22:38,978:DEBUG:https://usw1.dmp-us.informaticacloud.com:443 "GET /saas/api/v2/runtimeEnvironment/name/AUW487V7S3-AAD HTTP/1.1" 200 None
2025-07-04 14:22:39,073:INFO:Getting a list of the mapping tasks
2025-07-04 14:22:39,478:DEBUG:https://usw1.dmp-us.informaticacloud.com:443 "GET /saas/public/core/v3/objects?q=type==%27MTT%27&limit=200&skip=0 HTTP/1.1" 200 None
2025-07-04 14:22:51,586:INFO:Create workspace tree "tmp/3c7efa893a154b62be56ee1cd6b16955/Explore/Default"
2025-07-04 14:22:51,588:INFO:Starting to generate the Taskflow XML files
2025-07-04 14:22:51,588:INFO:Building "/aetgt:getResponse" elements...
2025-07-04 14:22:51,588:INFO:Building "/aetgt:getResponse/types1:Item" elements...
2025-07-04 14:22:51,588:INFO:Building "/aetgt:getResponse/types1:Item/types1:Entry" elements...
2025-07-04 14:22:51,589:INFO:Building "/aetgt:getResponse/types1:Item/types1:Entry/taskflow" elements...
2025-07-04 14:22:51,589:INFO:Building "/aetgt:getResponse/types1:Item/types1:Entry/taskflow/deployment" elements...
2025-07-04 14:22:51,589:INFO:Building "/aetgt:getResponse/types1:Item/types1:Entry/taskflow" elements...
2025-07-04 14:22:51,589:INFO:Building "/aetgt:getResponse/types1:Item/types1:Entry/taskflow/extData" elements...
2025-07-04 14:22:51,589:INFO:Building "/aetgt:getResponse/types1:Item/types1:Entry/taskflow" elements...
2025-07-04 14:22:51,589:INFO:Building "/aetgt:getResponse/types1:Item/types1:Entry/taskflow/flow" elements...
2025-07-04 14:22:51,589:INFO:Building "/aetgt:getResponse/types1:Item/types1:Entry/taskflow/flow/start" elements...
2025-07-04 14:22:51,589:INFO:Building "/aetgt:getResponse/types1:Item/types1:Entry/taskflow/flow" elements...
2025-07-04 14:22:51,589:INFO:Building "/aetgt:getResponse/types1:Item" elements...
2025-07-04 14:22:51,589:INFO:Building "/aetgt:getResponse" elements...
2025-07-04 14:22:51,589:INFO:Finished building the XML
2025-07-04 14:22:51,589:INFO:Saving the XML file "out/3c7efa893a154b62be56ee1cd6b16955.TASKFLOW.xml"
2025-07-04 14:23:13,011:INFO:Create workspace tree "tmp/2a3c0b78a74c4b3884aff6af5ff3d3cc/Explore/Default"
2025-07-04 14:23:13,013:INFO:Starting to generate the Taskflow XML files
2025-07-04 14:23:13,014:INFO:Building "/aetgt:getResponse" elements...
2025-07-04 14:23:13,014:INFO:Building "/aetgt:getResponse/types1:Item" elements...
2025-07-04 14:23:13,015:INFO:Building "/aetgt:getResponse/types1:Item/types1:Entry" elements...
2025-07-04 14:23:13,015:INFO:Building "/aetgt:getResponse/types1:Item/types1:Entry/taskflow" elements...
2025-07-04 14:23:13,015:INFO:Building "/aetgt:getResponse/types1:Item/types1:Entry/taskflow/deployment" elements...
2025-07-04 14:23:13,015:INFO:Building "/aetgt:getResponse/types1:Item/types1:Entry/taskflow" elements...
2025-07-04 14:23:13,015:INFO:Building "/aetgt:getResponse/types1:Item/types1:Entry/taskflow/extData" elements...
2025-07-04 14:23:13,015:INFO:Building "/aetgt:getResponse/types1:Item/types1:Entry/taskflow" elements...
2025-07-04 14:23:13,015:INFO:Building "/aetgt:getResponse/types1:Item/types1:Entry/taskflow/flow" elements...
2025-07-04 14:23:13,015:INFO:Building "/aetgt:getResponse/types1:Item/types1:Entry/taskflow/flow/start" elements...
2025-07-04 14:23:13,015:INFO:Building "/aetgt:getResponse/types1:Item/types1:Entry/taskflow/flow" elements...
2025-07-04 14:23:13,015:INFO:Building "/aetgt:getResponse/types1:Item" elements...
2025-07-04 14:23:13,017:INFO:Building "/aetgt:getResponse" elements...
2025-07-04 14:23:13,017:INFO:Finished building the XML
2025-07-04 14:23:13,017:INFO:Saving the XML file "out/tf_Generated_Taskflow.TASKFLOW.xml"
2025-07-04 14:23:46,878:INFO:Create workspace tree "tmp/tf_Generated_Taskflow/Explore/Default"
2025-07-04 14:23:46,881:INFO:Starting to generate the Taskflow XML files
2025-07-04 14:23:46,881:INFO:Building "/aetgt:getResponse" elements...
2025-07-04 14:23:46,881:INFO:Building "/aetgt:getResponse/types1:Item" elements...
2025-07-04 14:23:46,881:INFO:Building "/aetgt:getResponse/types1:Item/types1:Entry" elements...
2025-07-04 14:23:46,881:INFO:Building "/aetgt:getResponse/types1:Item/types1:Entry/taskflow" elements...
2025-07-04 14:23:46,882:INFO:Building "/aetgt:getResponse/types1:Item/types1:Entry/taskflow/deployment" elements...
2025-07-04 14:23:46,882:INFO:Building "/aetgt:getResponse/types1:Item/types1:Entry/taskflow" elements...
2025-07-04 14:23:46,882:INFO:Building "/aetgt:getResponse/types1:Item/types1:Entry/taskflow/extData" elements...
2025-07-04 14:23:46,882:INFO:Building "/aetgt:getResponse/types1:Item/types1:Entry/taskflow" elements...
2025-07-04 14:23:46,882:INFO:Building "/aetgt:getResponse/types1:Item/types1:Entry/taskflow/flow" elements...
2025-07-04 14:23:46,882:INFO:Building "/aetgt:getResponse/types1:Item/types1:Entry/taskflow/flow/start" elements...
2025-07-04 14:23:46,883:INFO:Building "/aetgt:getResponse/types1:Item/types1:Entry/taskflow/flow" elements...
2025-07-04 14:23:46,883:INFO:Building "/aetgt:getResponse/types1:Item" elements...
2025-07-04 14:23:46,883:INFO:Building "/aetgt:getResponse" elements...
2025-07-04 14:23:46,883:INFO:Finished building the XML
2025-07-04 14:23:46,883:INFO:Saving the XML file "out/tf_Generated_Taskflow.TASKFLOW.xml"
2025-07-04 14:23:52,469:INFO:Create workspace tree "tmp/tf_Generated_Taskflow/Explore/Default"
2025-07-04 14:24:35,301:INFO:Create workspace tree "tmp/tf_Generated_Taskflow/Explore/Default"
2025-07-04 14:24:57,537:INFO:Create workspace tree "tmp/tf_Generated_Taskflow/Explore/Default"
2025-07-04 14:25:26,171:INFO:Create workspace tree "tmp/tf_Generated_Taskflow/Explore/Default"
2025-07-04 14:27:09,215:INFO:Reading the config file
2025-07-04 14:27:09,230:INFO:Reading the execution plans
2025-07-04 14:27:09,368:INFO:Logging into IDMC
2025-07-04 14:27:09,369:DEBUG:Starting new HTTPS connection (1): dmp-us.informaticacloud.com:443
2025-07-04 14:27:10,126:DEBUG:https://dmp-us.informaticacloud.com:443 "POST /saas/public/core/v3/login HTTP/1.1" 200 386
2025-07-04 14:27:10,218:INFO:Getting the secure agent ID
2025-07-04 14:27:10,219:DEBUG:Starting new HTTPS connection (1): usw1.dmp-us.informaticacloud.com:443
2025-07-04 14:27:10,901:DEBUG:https://usw1.dmp-us.informaticacloud.com:443 "GET /saas/api/v2/runtimeEnvironment/name/AUW487V7S3-AAD HTTP/1.1" 200 None
2025-07-04 14:27:10,994:INFO:Getting a list of the mapping tasks
2025-07-04 14:27:11,357:DEBUG:https://usw1.dmp-us.informaticacloud.com:443 "GET /saas/public/core/v3/objects?q=type==%27MTT%27&limit=200&skip=0 HTTP/1.1" 200 None
2025-07-04 14:27:11,895:INFO:Create workspace tree "tmp/tf_Generated_Taskflow/Explore/Default"
2025-07-04 14:27:11,896:INFO:Starting to generate the Taskflow XML files
2025-07-04 14:27:11,896:INFO:Building "/aetgt:getResponse" elements...
2025-07-04 14:27:11,896:INFO:Building "/aetgt:getResponse/types1:Item" elements...
2025-07-04 14:27:11,896:INFO:Building "/aetgt:getResponse/types1:Item/types1:Entry" elements...
2025-07-04 14:27:11,896:INFO:Building "/aetgt:getResponse/types1:Item/types1:Entry/taskflow" elements...
2025-07-04 14:27:11,896:INFO:Building "/aetgt:getResponse/types1:Item/types1:Entry/taskflow/deployment" elements...
2025-07-04 14:27:11,896:INFO:Building "/aetgt:getResponse/types1:Item/types1:Entry/taskflow" elements...
2025-07-04 14:27:11,896:INFO:Building "/aetgt:getResponse/types1:Item/types1:Entry/taskflow/extData" elements...
2025-07-04 14:27:11,896:INFO:Building "/aetgt:getResponse/types1:Item/types1:Entry/taskflow" elements...
2025-07-04 14:27:11,896:INFO:Building "/aetgt:getResponse/types1:Item/types1:Entry/taskflow/flow" elements...
2025-07-04 14:27:11,896:INFO:Building "/aetgt:getResponse/types1:Item/types1:Entry/taskflow/flow/start" elements...
2025-07-04 14:27:11,896:INFO:Building "/aetgt:getResponse/types1:Item/types1:Entry/taskflow/flow" elements...
2025-07-04 14:27:11,897:INFO:Building "/aetgt:getResponse/types1:Item" elements...
2025-07-04 14:27:11,897:INFO:Building "/aetgt:getResponse" elements...
2025-07-04 14:27:11,897:INFO:Finished building the XML
2025-07-04 14:27:11,897:INFO:Saving the XML file "out/tf_Generated_Taskflow.TASKFLOW.xml"
2025-07-04 14:27:44,854:INFO:Create workspace tree "tmp/tf_Generated_Taskflow/Explore/Default"
2025-07-04 14:27:44,854:INFO:Starting to generate the Taskflow XML files
2025-07-04 14:27:44,854:INFO:Building "/aetgt:getResponse" elements...
2025-07-04 14:27:44,854:INFO:Building "/aetgt:getResponse/types1:Item" elements...
2025-07-04 14:27:44,855:INFO:Building "/aetgt:getResponse/types1:Item/types1:Entry" elements...
2025-07-04 14:27:44,855:INFO:Building "/aetgt:getResponse/types1:Item/types1:Entry/taskflow" elements...
2025-07-04 14:27:44,855:INFO:Building "/aetgt:getResponse/types1:Item/types1:Entry/taskflow/deployment" elements...
2025-07-04 14:27:44,855:INFO:Building "/aetgt:getResponse/types1:Item/types1:Entry/taskflow" elements...
2025-07-04 14:27:44,855:INFO:Building "/aetgt:getResponse/types1:Item/types1:Entry/taskflow/extData" elements...
2025-07-04 14:27:44,855:INFO:Building "/aetgt:getResponse/types1:Item/types1:Entry/taskflow" elements...
2025-07-04 14:27:44,855:INFO:Building "/aetgt:getResponse/types1:Item/types1:Entry/taskflow/flow" elements...
2025-07-04 14:27:44,855:INFO:Building "/aetgt:getResponse/types1:Item/types1:Entry/taskflow/flow/start" elements...
2025-07-04 14:27:44,855:INFO:Building "/aetgt:getResponse/types1:Item/types1:Entry/taskflow/flow" elements...
2025-07-04 14:27:44,855:INFO:Building "/aetgt:getResponse/types1:Item" elements...
2025-07-04 14:27:44,855:INFO:Building "/aetgt:getResponse" elements...
2025-07-04 14:27:44,856:INFO:Finished building the XML
2025-07-04 14:27:44,856:INFO:Saving the XML file "out/tf_Generated_Taskflow.TASKFLOW.xml"
2025-07-04 14:29:11,822:INFO:Reading the config file
2025-07-04 14:29:11,836:INFO:Reading the execution plans
2025-07-04 14:29:11,973:INFO:Logging into IDMC
2025-07-04 14:29:11,973:DEBUG:Starting new HTTPS connection (1): dmp-us.informaticacloud.com:443
2025-07-04 14:29:12,739:DEBUG:https://dmp-us.informaticacloud.com:443 "POST /saas/public/core/v3/login HTTP/1.1" 200 386
2025-07-04 14:29:12,849:INFO:Getting the secure agent ID
2025-07-04 14:29:12,850:DEBUG:Starting new HTTPS connection (1): usw1.dmp-us.informaticacloud.com:443
2025-07-04 14:29:13,608:DEBUG:https://usw1.dmp-us.informaticacloud.com:443 "GET /saas/api/v2/runtimeEnvironment/name/AUW487V7S3-AAD HTTP/1.1" 200 None
2025-07-04 14:29:13,724:INFO:Getting a list of the mapping tasks
2025-07-04 14:29:14,216:DEBUG:https://usw1.dmp-us.informaticacloud.com:443 "GET /saas/public/core/v3/objects?q=type==%27MTT%27&limit=200&skip=0 HTTP/1.1" 200 None
2025-07-04 14:29:14,860:INFO:Create workspace tree "tmp/tf_Generated_Taskflow/Explore/Default"
2025-07-04 14:29:14,861:INFO:Starting to generate the Taskflow XML files
2025-07-04 14:29:14,861:INFO:Building "/aetgt:getResponse" elements...
2025-07-04 14:29:14,862:INFO:Building "/aetgt:getResponse/types1:Item" elements...
2025-07-04 14:29:14,862:INFO:Building "/aetgt:getResponse/types1:Item/types1:Entry" elements...
2025-07-04 14:29:14,862:INFO:Building "/aetgt:getResponse/types1:Item/types1:Entry/taskflow" elements...
2025-07-04 14:29:14,862:INFO:Building "/aetgt:getResponse/types1:Item/types1:Entry/taskflow/deployment" elements...
2025-07-04 14:29:14,862:INFO:Building "/aetgt:getResponse/types1:Item/types1:Entry/taskflow" elements...
2025-07-04 14:29:14,863:INFO:Building "/aetgt:getResponse/types1:Item/types1:Entry/taskflow/extData" elements...
2025-07-04 14:29:14,863:INFO:Building "/aetgt:getResponse/types1:Item/types1:Entry/taskflow" elements...
2025-07-04 14:29:14,863:INFO:Building "/aetgt:getResponse/types1:Item/types1:Entry/taskflow/flow" elements...
2025-07-04 14:29:14,863:INFO:Building "/aetgt:getResponse/types1:Item/types1:Entry/taskflow/flow/start" elements...
2025-07-04 14:29:14,863:INFO:Building "/aetgt:getResponse/types1:Item/types1:Entry/taskflow/flow" elements...
2025-07-04 14:29:14,864:INFO:Building "/aetgt:getResponse/types1:Item" elements...
2025-07-04 14:29:14,864:INFO:Building "/aetgt:getResponse" elements...
2025-07-04 14:29:14,864:INFO:Finished building the XML
2025-07-04 14:29:14,864:INFO:Saving the XML file "out/tf_Generated_Taskflow.TASKFLOW.xml"
2025-07-04 14:29:34,771:INFO:Reading the config file
2025-07-04 14:29:34,786:INFO:Reading the execution plans
2025-07-04 14:29:34,893:INFO:Logging into IDMC
2025-07-04 14:29:34,893:DEBUG:Starting new HTTPS connection (1): dmp-us.informaticacloud.com:443
2025-07-04 14:29:35,717:DEBUG:https://dmp-us.informaticacloud.com:443 "POST /saas/public/core/v3/login HTTP/1.1" 200 386
2025-07-04 14:29:35,792:INFO:Getting the secure agent ID
2025-07-04 14:29:35,793:DEBUG:Starting new HTTPS connection (1): usw1.dmp-us.informaticacloud.com:443
2025-07-04 14:29:36,514:DEBUG:https://usw1.dmp-us.informaticacloud.com:443 "GET /saas/api/v2/runtimeEnvironment/name/AUW487V7S3-AAD HTTP/1.1" 200 None
2025-07-04 14:29:36,612:INFO:Getting a list of the mapping tasks
2025-07-04 14:29:36,997:DEBUG:https://usw1.dmp-us.informaticacloud.com:443 "GET /saas/public/core/v3/objects?q=type==%27MTT%27&limit=200&skip=0 HTTP/1.1" 200 None
2025-07-04 14:29:37,527:INFO:Create workspace tree "tmp/tf_Generated_Taskflow/Explore/Default"
2025-07-04 14:29:37,527:INFO:Starting to generate the Taskflow XML files
2025-07-04 14:29:37,527:INFO:Building "/aetgt:getResponse" elements...
2025-07-04 14:29:37,528:INFO:Building "/aetgt:getResponse/types1:Item" elements...
2025-07-04 14:29:37,528:INFO:Building "/aetgt:getResponse/types1:Item/types1:Entry" elements...
2025-07-04 14:29:37,528:INFO:Building "/aetgt:getResponse/types1:Item/types1:Entry/taskflow" elements...
2025-07-04 14:29:37,528:INFO:Building "/aetgt:getResponse/types1:Item/types1:Entry/taskflow/deployment" elements...
2025-07-04 14:29:37,528:INFO:Building "/aetgt:getResponse/types1:Item/types1:Entry/taskflow" elements...
2025-07-04 14:29:37,528:INFO:Building "/aetgt:getResponse/types1:Item/types1:Entry/taskflow/extData" elements...
2025-07-04 14:29:37,528:INFO:Building "/aetgt:getResponse/types1:Item/types1:Entry/taskflow" elements...
2025-07-04 14:29:37,528:INFO:Building "/aetgt:getResponse/types1:Item/types1:Entry/taskflow/flow" elements...
2025-07-04 14:29:37,528:INFO:Building "/aetgt:getResponse/types1:Item/types1:Entry/taskflow/flow/start" elements...
2025-07-04 14:29:37,528:INFO:Building "/aetgt:getResponse/types1:Item/types1:Entry/taskflow/flow" elements...
2025-07-04 14:29:37,528:INFO:Building "/aetgt:getResponse/types1:Item" elements...
2025-07-04 14:29:37,529:INFO:Building "/aetgt:getResponse" elements...
2025-07-04 14:29:37,529:INFO:Finished building the XML
2025-07-04 14:29:37,529:INFO:Saving the XML file "out/tf_Generated_Taskflow.TASKFLOW.xml"
2025-07-04 14:29:37,530:INFO:Save successful
2025-07-04 14:32:31,848:INFO:Reading the config file
2025-07-04 14:32:31,865:INFO:Reading the execution plans
2025-07-04 14:32:31,983:INFO:Logging into IDMC
2025-07-04 14:32:31,985:DEBUG:Starting new HTTPS connection (1): dmp-us.informaticacloud.com:443
2025-07-04 14:32:32,782:DEBUG:https://dmp-us.informaticacloud.com:443 "POST /saas/public/core/v3/login HTTP/1.1" 200 386
2025-07-04 14:32:32,873:INFO:Getting the secure agent ID
2025-07-04 14:32:32,873:DEBUG:Starting new HTTPS connection (1): usw1.dmp-us.informaticacloud.com:443
2025-07-04 14:32:33,580:DEBUG:https://usw1.dmp-us.informaticacloud.com:443 "GET /saas/api/v2/runtimeEnvironment/name/AUW487V7S3-AAD HTTP/1.1" 200 None
2025-07-04 14:32:33,708:INFO:Getting a list of the mapping tasks
2025-07-04 14:32:34,118:DEBUG:https://usw1.dmp-us.informaticacloud.com:443 "GET /saas/public/core/v3/objects?q=type==%27MTT%27&limit=200&skip=0 HTTP/1.1" 200 None
2025-07-04 14:32:34,662:INFO:Create workspace tree "tmp/tf_Generated_Taskflow/Explore/Default"
2025-07-04 14:32:34,665:INFO:Generating taskflow "tf_Generated_Taskflow"
2025-07-04 14:32:34,665:INFO:Starting to generate the Taskflow XML files
2025-07-04 14:32:34,666:INFO:Building "/aetgt:getResponse" elements...
2025-07-04 14:32:34,666:INFO:Building "/aetgt:getResponse/types1:Item" elements...
2025-07-04 14:32:34,666:INFO:Building "/aetgt:getResponse/types1:Item/types1:Entry" elements...
2025-07-04 14:32:34,666:INFO:Building "/aetgt:getResponse/types1:Item/types1:Entry/taskflow" elements...
2025-07-04 14:32:34,666:INFO:Building "/aetgt:getResponse/types1:Item/types1:Entry/taskflow/deployment" elements...
2025-07-04 14:32:34,667:INFO:Building "/aetgt:getResponse/types1:Item/types1:Entry/taskflow" elements...
2025-07-04 14:32:34,667:INFO:Building "/aetgt:getResponse/types1:Item/types1:Entry/taskflow/extData" elements...
2025-07-04 14:32:34,667:INFO:Building "/aetgt:getResponse/types1:Item/types1:Entry/taskflow" elements...
2025-07-04 14:32:34,667:INFO:Building "/aetgt:getResponse/types1:Item/types1:Entry/taskflow/flow" elements...
2025-07-04 14:32:34,667:INFO:Building "/aetgt:getResponse/types1:Item/types1:Entry/taskflow/flow/start" elements...
2025-07-04 14:32:34,667:INFO:Building "/aetgt:getResponse/types1:Item/types1:Entry/taskflow/flow" elements...
2025-07-04 14:32:34,668:INFO:Building "/aetgt:getResponse/types1:Item" elements...
2025-07-04 14:32:34,668:INFO:Building "/aetgt:getResponse" elements...
2025-07-04 14:32:34,668:INFO:Finished building the XML
2025-07-04 14:32:34,668:INFO:Saving the XML file "out/tf_Generated_Taskflow.TASKFLOW.xml"
2025-07-04 14:32:34,670:INFO:Save successful
2025-07-04 14:32:34,670:INFO:Packaging taskflow "tf_Generated_Taskflow"
2025-07-04 14:32:34,671:INFO:Starting to package import files...
2025-07-04 14:32:34,671:INFO:Adding the file "tmp/testing/Explore/Default/tf_Generated_Taskflow.TASKFLOW.xml"...
2025-07-04 14:33:32,150:INFO:Reading the config file
2025-07-04 14:33:32,167:INFO:Reading the execution plans
2025-07-04 14:33:32,278:INFO:Logging into IDMC
2025-07-04 14:33:32,279:DEBUG:Starting new HTTPS connection (1): dmp-us.informaticacloud.com:443
2025-07-04 14:33:33,093:DEBUG:https://dmp-us.informaticacloud.com:443 "POST /saas/public/core/v3/login HTTP/1.1" 200 386
2025-07-04 14:33:33,191:INFO:Getting the secure agent ID
2025-07-04 14:33:33,191:DEBUG:Starting new HTTPS connection (1): usw1.dmp-us.informaticacloud.com:443
2025-07-04 14:33:33,920:DEBUG:https://usw1.dmp-us.informaticacloud.com:443 "GET /saas/api/v2/runtimeEnvironment/name/AUW487V7S3-AAD HTTP/1.1" 200 None
2025-07-04 14:33:34,000:INFO:Getting a list of the mapping tasks
2025-07-04 14:33:34,492:DEBUG:https://usw1.dmp-us.informaticacloud.com:443 "GET /saas/public/core/v3/objects?q=type==%27MTT%27&limit=200&skip=0 HTTP/1.1" 200 None
2025-07-04 14:33:35,066:INFO:Create workspace tree "tmp/tf_Generated_Taskflow/Explore/Default"
2025-07-04 14:33:35,067:INFO:Generating taskflow "tf_Generated_Taskflow"
2025-07-04 14:33:35,067:INFO:Starting to generate the Taskflow XML files
2025-07-04 14:33:35,067:INFO:Building "/aetgt:getResponse" elements...
2025-07-04 14:33:35,067:INFO:Building "/aetgt:getResponse/types1:Item" elements...
2025-07-04 14:33:35,068:INFO:Building "/aetgt:getResponse/types1:Item/types1:Entry" elements...
2025-07-04 14:33:35,068:INFO:Building "/aetgt:getResponse/types1:Item/types1:Entry/taskflow" elements...
2025-07-04 14:33:35,068:INFO:Building "/aetgt:getResponse/types1:Item/types1:Entry/taskflow/deployment" elements...
2025-07-04 14:33:35,068:INFO:Building "/aetgt:getResponse/types1:Item/types1:Entry/taskflow" elements...
2025-07-04 14:33:35,068:INFO:Building "/aetgt:getResponse/types1:Item/types1:Entry/taskflow/extData" elements...
2025-07-04 14:33:35,068:INFO:Building "/aetgt:getResponse/types1:Item/types1:Entry/taskflow" elements...
2025-07-04 14:33:35,068:INFO:Building "/aetgt:getResponse/types1:Item/types1:Entry/taskflow/flow" elements...
2025-07-04 14:33:35,068:INFO:Building "/aetgt:getResponse/types1:Item/types1:Entry/taskflow/flow/start" elements...
2025-07-04 14:33:35,068:INFO:Building "/aetgt:getResponse/types1:Item/types1:Entry/taskflow/flow" elements...
2025-07-04 14:33:35,068:INFO:Building "/aetgt:getResponse/types1:Item" elements...
2025-07-04 14:33:35,068:INFO:Building "/aetgt:getResponse" elements...
2025-07-04 14:33:35,068:INFO:Finished building the XML
2025-07-04 14:33:35,069:INFO:Saving the XML file "out/tf_Generated_Taskflow.TASKFLOW.xml"
2025-07-04 14:33:35,070:INFO:Save successful
2025-07-04 14:33:35,070:INFO:Packaging taskflow "tf_Generated_Taskflow"
2025-07-04 14:33:35,070:INFO:Starting to package import files...
2025-07-04 14:33:35,070:INFO:Adding the file "tmp/testing/Explore/Default/tf_Generated_Taskflow.TASKFLOW.xml"...
2025-07-04 14:34:22,442:INFO:Reading the config file
2025-07-04 14:34:22,461:INFO:Reading the execution plans
2025-07-04 14:34:22,551:INFO:Logging into IDMC
2025-07-04 14:34:22,551:DEBUG:Starting new HTTPS connection (1): dmp-us.informaticacloud.com:443
2025-07-04 14:34:23,311:DEBUG:https://dmp-us.informaticacloud.com:443 "POST /saas/public/core/v3/login HTTP/1.1" 200 386
2025-07-04 14:34:23,407:INFO:Getting the secure agent ID
2025-07-04 14:34:23,407:DEBUG:Starting new HTTPS connection (1): usw1.dmp-us.informaticacloud.com:443
2025-07-04 14:34:24,121:DEBUG:https://usw1.dmp-us.informaticacloud.com:443 "GET /saas/api/v2/runtimeEnvironment/name/AUW487V7S3-AAD HTTP/1.1" 200 None
2025-07-04 14:34:24,197:INFO:Getting a list of the mapping tasks
2025-07-04 14:34:24,748:DEBUG:https://usw1.dmp-us.informaticacloud.com:443 "GET /saas/public/core/v3/objects?q=type==%27MTT%27&limit=200&skip=0 HTTP/1.1" 200 None
2025-07-04 14:34:25,254:INFO:Create workspace tree "tmp/tf_Generated_Taskflow/Explore/Default"
2025-07-04 14:34:25,254:INFO:Generating taskflow "tf_Generated_Taskflow"
2025-07-04 14:34:25,255:INFO:Starting to generate the Taskflow XML files
2025-07-04 14:34:25,255:INFO:Building "/aetgt:getResponse" elements...
2025-07-04 14:34:25,255:INFO:Building "/aetgt:getResponse/types1:Item" elements...
2025-07-04 14:34:25,255:INFO:Building "/aetgt:getResponse/types1:Item/types1:Entry" elements...
2025-07-04 14:34:25,255:INFO:Building "/aetgt:getResponse/types1:Item/types1:Entry/taskflow" elements...
2025-07-04 14:34:25,255:INFO:Building "/aetgt:getResponse/types1:Item/types1:Entry/taskflow/deployment" elements...
2025-07-04 14:34:25,255:INFO:Building "/aetgt:getResponse/types1:Item/types1:Entry/taskflow" elements...
2025-07-04 14:34:25,255:INFO:Building "/aetgt:getResponse/types1:Item/types1:Entry/taskflow/extData" elements...
2025-07-04 14:34:25,255:INFO:Building "/aetgt:getResponse/types1:Item/types1:Entry/taskflow" elements...
2025-07-04 14:34:25,255:INFO:Building "/aetgt:getResponse/types1:Item/types1:Entry/taskflow/flow" elements...
2025-07-04 14:34:25,255:INFO:Building "/aetgt:getResponse/types1:Item/types1:Entry/taskflow/flow/start" elements...
2025-07-04 14:34:25,256:INFO:Building "/aetgt:getResponse/types1:Item/types1:Entry/taskflow/flow" elements...
2025-07-04 14:34:25,256:INFO:Building "/aetgt:getResponse/types1:Item" elements...
2025-07-04 14:34:25,256:INFO:Building "/aetgt:getResponse" elements...
2025-07-04 14:34:25,256:INFO:Finished building the XML
2025-07-04 14:34:25,256:INFO:Saving the XML file "out/tf_Generated_Taskflow.TASKFLOW.xml"
2025-07-04 14:34:25,257:INFO:Save successful
2025-07-04 14:34:25,257:INFO:Packaging taskflow "tf_Generated_Taskflow"
2025-07-04 14:34:25,257:INFO:Starting to package import files...
2025-07-04 14:34:25,257:INFO:Adding the file "tmp/tf_Generated_Taskflow/Explore/Default/tf_Generated_Taskflow.TASKFLOW.xml"...
2025-07-04 14:34:54,420:INFO:Reading the config file
2025-07-04 14:34:54,437:INFO:Reading the execution plans
2025-07-04 14:34:54,539:INFO:Logging into IDMC
2025-07-04 14:34:54,540:DEBUG:Starting new HTTPS connection (1): dmp-us.informaticacloud.com:443
2025-07-04 14:34:55,343:DEBUG:https://dmp-us.informaticacloud.com:443 "POST /saas/public/core/v3/login HTTP/1.1" 200 386
2025-07-04 14:34:55,424:INFO:Getting the secure agent ID
2025-07-04 14:34:55,424:DEBUG:Starting new HTTPS connection (1): usw1.dmp-us.informaticacloud.com:443
2025-07-04 14:34:56,143:DEBUG:https://usw1.dmp-us.informaticacloud.com:443 "GET /saas/api/v2/runtimeEnvironment/name/AUW487V7S3-AAD HTTP/1.1" 200 None
2025-07-04 14:34:56,219:INFO:Getting a list of the mapping tasks
2025-07-04 14:34:56,578:DEBUG:https://usw1.dmp-us.informaticacloud.com:443 "GET /saas/public/core/v3/objects?q=type==%27MTT%27&limit=200&skip=0 HTTP/1.1" 200 None
2025-07-04 14:34:57,070:INFO:Create workspace tree "tmp/tf_Generated_Taskflow/Explore/Default"
2025-07-04 14:34:57,071:INFO:Generating taskflow "tf_Generated_Taskflow"
2025-07-04 14:34:57,071:INFO:Starting to generate the Taskflow XML files
2025-07-04 14:34:57,071:INFO:Building "/aetgt:getResponse" elements...
2025-07-04 14:34:57,071:INFO:Building "/aetgt:getResponse/types1:Item" elements...
2025-07-04 14:34:57,071:INFO:Building "/aetgt:getResponse/types1:Item/types1:Entry" elements...
2025-07-04 14:34:57,071:INFO:Building "/aetgt:getResponse/types1:Item/types1:Entry/taskflow" elements...
2025-07-04 14:34:57,071:INFO:Building "/aetgt:getResponse/types1:Item/types1:Entry/taskflow/deployment" elements...
2025-07-04 14:34:57,072:INFO:Building "/aetgt:getResponse/types1:Item/types1:Entry/taskflow" elements...
2025-07-04 14:34:57,072:INFO:Building "/aetgt:getResponse/types1:Item/types1:Entry/taskflow/extData" elements...
2025-07-04 14:34:57,072:INFO:Building "/aetgt:getResponse/types1:Item/types1:Entry/taskflow" elements...
2025-07-04 14:34:57,072:INFO:Building "/aetgt:getResponse/types1:Item/types1:Entry/taskflow/flow" elements...
2025-07-04 14:34:57,072:INFO:Building "/aetgt:getResponse/types1:Item/types1:Entry/taskflow/flow/start" elements...
2025-07-04 14:34:57,072:INFO:Building "/aetgt:getResponse/types1:Item/types1:Entry/taskflow/flow" elements...
2025-07-04 14:34:57,072:INFO:Building "/aetgt:getResponse/types1:Item" elements...
2025-07-04 14:34:57,072:INFO:Building "/aetgt:getResponse" elements...
2025-07-04 14:34:57,072:INFO:Finished building the XML
2025-07-04 14:34:57,072:INFO:Saving the XML file "out/tf_Generated_Taskflow.TASKFLOW.xml"
2025-07-04 14:34:57,073:INFO:Save successful
2025-07-04 14:34:57,073:INFO:Packaging taskflow "tf_Generated_Taskflow"
2025-07-04 14:34:57,074:INFO:Starting to package import files...
2025-07-04 14:34:57,074:INFO:Adding the file "tmp/tf_Generated_Taskflow/Explore/Default/tf_Generated_Taskflow.TASKFLOW.xml"...
2025-07-04 14:34:57,074:INFO:Adding the file "tmp/tf_Generated_Taskflow/Explore/Default.Project.json"...
2025-07-04 14:34:57,076:INFO:Adding the file "tmp/tf_Generated_Taskflow/ContentsofExportPackage_tf_Generated_Taskflow.csv"...
2025-07-04 14:34:57,077:INFO:Adding the file "tmp/tf_Generated_Taskflow/exportMetadata.v2.json"...
2025-07-04 14:34:57,079:INFO:Adding the file "tmp/tf_Generated_Taskflow/exportPackage.chksum"...
2025-07-04 14:34:57,080:INFO:Compressing import package "out/tf_Generated_Taskflow"...
2025-07-04 14:34:57,084:INFO:Done!
2025-07-04 14:38:13,505:INFO:Reading the config file
2025-07-04 14:38:13,517:INFO:Reading the execution plans
2025-07-04 14:38:13,612:INFO:Logging into IDMC
2025-07-04 14:38:13,612:DEBUG:Starting new HTTPS connection (1): dmp-us.informaticacloud.com:443
2025-07-04 14:38:14,379:DEBUG:https://dmp-us.informaticacloud.com:443 "POST /saas/public/core/v3/login HTTP/1.1" 200 386
2025-07-04 14:38:14,458:INFO:Getting the secure agent ID
2025-07-04 14:38:14,459:DEBUG:Starting new HTTPS connection (1): usw1.dmp-us.informaticacloud.com:443
2025-07-04 14:38:15,180:DEBUG:https://usw1.dmp-us.informaticacloud.com:443 "GET /saas/api/v2/runtimeEnvironment/name/AUW487V7S3-AAD HTTP/1.1" 200 None
2025-07-04 14:38:15,281:INFO:Getting a list of the mapping tasks
2025-07-04 14:38:15,623:DEBUG:https://usw1.dmp-us.informaticacloud.com:443 "GET /saas/public/core/v3/objects?q=type==%27MTT%27&limit=200&skip=0 HTTP/1.1" 200 None
2025-07-04 14:38:16,129:INFO:Create workspace tree "tmp/tf_Generated_Taskflow/Explore/Default"
2025-07-04 14:38:16,131:INFO:Generating taskflow "tf_Generated_Taskflow"
2025-07-04 14:38:16,131:INFO:Starting to generate the Taskflow XML files
2025-07-04 14:38:16,131:INFO:Building "/aetgt:getResponse" elements...
2025-07-04 14:38:16,131:INFO:Building "/aetgt:getResponse/types1:Item" elements...
2025-07-04 14:38:16,132:INFO:Building "/aetgt:getResponse/types1:Item/types1:Entry" elements...
2025-07-04 14:38:16,132:INFO:Building "/aetgt:getResponse/types1:Item/types1:Entry/taskflow" elements...
2025-07-04 14:38:16,132:INFO:Building "/aetgt:getResponse/types1:Item/types1:Entry/taskflow/deployment" elements...
2025-07-04 14:38:16,132:INFO:Building "/aetgt:getResponse/types1:Item/types1:Entry/taskflow" elements...
2025-07-04 14:38:16,132:INFO:Building "/aetgt:getResponse/types1:Item/types1:Entry/taskflow/extData" elements...
2025-07-04 14:38:16,132:INFO:Building "/aetgt:getResponse/types1:Item/types1:Entry/taskflow" elements...
2025-07-04 14:38:16,132:INFO:Building "/aetgt:getResponse/types1:Item/types1:Entry/taskflow/flow" elements...
2025-07-04 14:38:16,132:INFO:Building "/aetgt:getResponse/types1:Item/types1:Entry/taskflow/flow/start" elements...
2025-07-04 14:38:16,132:INFO:Building "/aetgt:getResponse/types1:Item/types1:Entry/taskflow/flow" elements...
2025-07-04 14:38:16,132:INFO:Building "/aetgt:getResponse/types1:Item" elements...
2025-07-04 14:38:16,132:INFO:Building "/aetgt:getResponse" elements...
2025-07-04 14:38:16,133:INFO:Finished building the XML
2025-07-04 14:38:16,133:INFO:Saving the XML file "out/tf_Generated_Taskflow.TASKFLOW.xml"
2025-07-04 14:38:16,134:INFO:Save successful
2025-07-04 14:38:16,134:INFO:Packaging taskflow "tf_Generated_Taskflow"
2025-07-04 14:38:16,134:INFO:Adding the file "tmp/tf_Generated_Taskflow/Explore/Default.Project.json"...
2025-07-04 14:38:16,136:INFO:Adding the file "tmp/tf_Generated_Taskflow/ContentsofExportPackage_tf_Generated_Taskflow.csv"...
2025-07-04 14:38:16,136:INFO:Adding the file "tmp/tf_Generated_Taskflow/exportMetadata.v2.json"...
2025-07-04 14:38:16,138:INFO:Adding the file "tmp/tf_Generated_Taskflow/exportPackage.chksum"...
2025-07-04 14:38:16,139:INFO:Compressing import package "out/tf_Generated_Taskflow"...
2025-07-04 14:38:16,143:INFO:Done!
2025-07-04 14:45:51,082:INFO:Reading the config file
2025-07-04 14:45:51,097:INFO:Reading the execution plans
2025-07-04 14:45:51,205:INFO:Logging into IDMC
2025-07-04 14:45:51,206:DEBUG:Starting new HTTPS connection (1): dmp-us.informaticacloud.com:443
2025-07-04 14:45:51,981:DEBUG:https://dmp-us.informaticacloud.com:443 "POST /saas/public/core/v3/login HTTP/1.1" 200 386
2025-07-04 14:45:52,077:INFO:Getting the secure agent ID
2025-07-04 14:45:52,078:DEBUG:Starting new HTTPS connection (1): usw1.dmp-us.informaticacloud.com:443
2025-07-04 14:45:52,791:DEBUG:https://usw1.dmp-us.informaticacloud.com:443 "GET /saas/api/v2/runtimeEnvironment/name/AUW487V7S3-AAD HTTP/1.1" 200 None
2025-07-04 14:45:52,886:INFO:Getting a list of the mapping tasks
2025-07-04 14:45:53,387:DEBUG:https://usw1.dmp-us.informaticacloud.com:443 "GET /saas/public/core/v3/objects?q=type==%27MTT%27&limit=200&skip=0 HTTP/1.1" 200 None
2025-07-04 14:45:53,894:INFO:Create workspace tree "tmp/Echo_Employee_Snapshot_Oracle_R12_1_3/Explore/Default"
2025-07-04 14:45:53,895:INFO:Generating taskflow "Echo_Employee_Snapshot_Oracle_R12_1_3"
2025-07-04 14:45:53,896:INFO:Starting to generate the Taskflow XML files
2025-07-04 14:45:53,896:INFO:Building "/aetgt:getResponse" elements...
2025-07-04 14:45:53,896:INFO:Building "/aetgt:getResponse/types1:Item" elements...
2025-07-04 14:45:53,896:INFO:Building "/aetgt:getResponse/types1:Item/types1:Entry" elements...
2025-07-04 14:45:53,896:INFO:Building "/aetgt:getResponse/types1:Item/types1:Entry/taskflow" elements...
2025-07-04 14:45:53,896:INFO:Building "/aetgt:getResponse/types1:Item/types1:Entry/taskflow/deployment" elements...
2025-07-04 14:45:53,896:INFO:Building "/aetgt:getResponse/types1:Item/types1:Entry/taskflow" elements...
2025-07-04 14:45:53,896:INFO:Building "/aetgt:getResponse/types1:Item/types1:Entry/taskflow/extData" elements...
2025-07-04 14:45:53,896:INFO:Building "/aetgt:getResponse/types1:Item/types1:Entry/taskflow" elements...
2025-07-04 14:45:53,896:INFO:Building "/aetgt:getResponse/types1:Item/types1:Entry/taskflow/flow" elements...
2025-07-04 14:45:53,897:INFO:Building "/aetgt:getResponse/types1:Item/types1:Entry/taskflow/flow/start" elements...
2025-07-04 14:45:53,897:INFO:Building "/aetgt:getResponse/types1:Item/types1:Entry/taskflow/flow" elements...
2025-07-04 14:45:53,897:INFO:Building "/aetgt:getResponse/types1:Item" elements...
2025-07-04 14:45:53,897:INFO:Building "/aetgt:getResponse" elements...
2025-07-04 14:45:53,897:INFO:Finished building the XML
2025-07-04 14:45:53,897:INFO:Saving the XML file "out/Echo_Employee_Snapshot_Oracle_R12_1_3.TASKFLOW.xml"
2025-07-04 14:45:53,898:INFO:Save successful
2025-07-04 14:45:53,899:INFO:Packaging taskflow "Echo_Employee_Snapshot_Oracle_R12_1_3"
2025-07-04 14:45:53,899:INFO:Adding the file "tmp/Echo_Employee_Snapshot_Oracle_R12_1_3/Explore/Default.Project.json"...
2025-07-04 14:45:53,900:INFO:Adding the file "tmp/Echo_Employee_Snapshot_Oracle_R12_1_3/ContentsofExportPackage_Echo_Employee_Snapshot_Oracle_R12_1_3.csv"...
2025-07-04 14:45:53,901:INFO:Adding the file "tmp/Echo_Employee_Snapshot_Oracle_R12_1_3/exportMetadata.v2.json"...
2025-07-04 14:45:53,902:INFO:Adding the file "tmp/Echo_Employee_Snapshot_Oracle_R12_1_3/exportPackage.chksum"...
2025-07-04 14:45:53,903:INFO:Compressing import package "out/Echo_Employee_Snapshot_Oracle_R12_1_3"...
2025-07-04 14:45:53,907:INFO:Done!
